<?xml version="1.0" encoding="UTF-8"?>
<!-- Generated by org.testng.reporters.JUnitReportReporter -->
<testsuite skipped="0" hostname="LAPTOP-G3SL86T0" name="com.syntax.practice.TestLogin" tests="3" failures="0" timestamp="2020-09-16T19:01:14 PDT" time="26.057" errors="0">
  <testcase name="negativeLoginTest" time="9.379" classname="com.syntax.practice.TestLogin"/>
  <system-out/>
  <testcase name="negativeLoginTest" time="8.673" classname="com.syntax.practice.TestLogin"/>
  <system-out/>
  <testcase name="negativeLoginTest" time="8.005" classname="com.syntax.practice.TestLogin"/>
  <system-out/>
</testsuite> <!-- com.syntax.practice.TestLogin -->
